
================================================================
======== Log Rotated - 7/13/2022, 6:26:03 PM                    
================================================================

================================================================
======== FXServer Starting - 7/13/2022, 6:26:15 PM              
================================================================
[    c-scripting-core] Creating script environments for _cfx_internal
[ citizen-server-impl] Scanning resources.
[ citizen-server-impl] Found 109 resources.
[          svadhesive] Authenticating server license key...
[          svadhesive] Server license key authentication succeeded. Welcome!
[    c-scripting-core] Creating script environments for sessionmanager
[ citizen-server-impl] Started resource sessionmanager
[    c-scripting-core] Creating script environments for monitor
[      script:monitor] [txAdminClient] Version 4.14.0 starting...
[ citizen-server-impl] Started resource monitor
[    c-scripting-core] Creating script environments for mapmanager
[ citizen-server-impl] Started resource mapmanager
[    c-scripting-core] Creating script environments for yarn
[ citizen-server-impl] Started resource yarn
[    c-scripting-core] Creating script environments for webpack
[ citizen-server-impl] Started resource webpack
[ citizen-server-impl] Running build tasks on resource chat - it'll restart once completed.
[ citizen-server-impl] Couldn't start resource chat.
[ citizen-server-impl] Started resource spawnmanager
[   script:mapmanager] Started gametype Freeroam
[ citizen-server-impl] Started resource basic-gamemode
[    c-scripting-core] Creating script environments for hardcap
[ citizen-server-impl] Started resource hardcap
[    c-scripting-core] Creating script environments for baseevents
[ citizen-server-impl] Started resource baseevents
[    c-scripting-core] Creating script environments for oxmysql
[ citizen-server-impl] Started resource oxmysql
[    c-scripting-core] Creating script environments for qb-core
[ citizen-server-impl] Started resource qb-core
[ citizen-server-impl] Started resource menuv
[    c-scripting-core] Creating script environments for qb-adminmenu
[ citizen-server-impl] Started resource qb-adminmenu
[    c-scripting-core] Creating script environments for qb-ambulancejob
[ citizen-server-impl] Started resource qb-ambulancejob
[ citizen-server-impl] Started resource qb-interior
[    c-scripting-core] Creating script environments for qb-clothing
[ citizen-server-impl] Started resource qb-clothing
[    c-scripting-core] Creating script environments for qb-weathersync
[ citizen-server-impl] Started resource qb-weathersync
[    c-scripting-core] Creating script environments for qb-apartments
[ citizen-server-impl] Started resource qb-apartments
[    c-scripting-core] [0mCreating script environments for qb-atms
[ citizen-server-impl] Started resource qb-atms
[    c-scripting-core] Creating script environments for qb-banking
[ citizen-server-impl] Started resource qb-banking
[    c-scripting-core] Creating script environments for PolyZone
[ citizen-server-impl] [0mStarted resource PolyZone
[38;5;161m[    c-scripting-core] Creating script environments for qb-bankrobbery
[ citizen-server-impl] Started resource qb-bankrobbery
[    c-scripting-core] Creating script environments for qb-busjob
[ citizen-server-impl] Started resource qb-busjob
[    c-scripting-core] Creating script environments for qb-cityhall
[ citizen-server-impl] Started resource qb-cityhall
[    c-scripting-core] Creating script environments for qb-commandbinding
[ citizen-server-impl] Started resource qb-commandbinding
[ citizen-server-impl] Started resource mhacking
[    c-scripting-core] Creating script environments for qb-crypto
[ citizen-server-impl] Started resource qb-crypto
[    c-scripting-core] Creating script environments for qb-customs
[ citizen-server-impl] Started resource qb-customs
[    c-scripting-core] Creating script environments for qb-diving
[ citizen-server-impl] Started resource qb-diving
[    c-scripting-core] Creating script environments for qb-doorlock
[ citizen-server-impl] Started resource qb-doorlock
[    c-scripting-core] Creating script environments for qb-drugs
[ citizen-server-impl] Started resource qb-drugs
[    c-scripting-core] Creating script environments for qb-fitbit
[ citizen-server-impl] Started resource qb-fitbit
[    c-scripting-core] Creating script environments for qb-garages
[ citizen-server-impl] Started resource qb-garages
[    c-scripting-core] Creating script environments for qb-garbagejob
[ citizen-server-impl] [0mStarted resource qb-garbagejob
[38;5;161m[    c-scripting-core] Creating script environments for qb-hotdogjob
[ citizen-server-impl] Started resource qb-hotdogjob
[ citizen-server-impl] Started resource qb-lockpick
[ citizen-server-impl] Started resource qb-skillbar
[    c-scripting-core] Creating script environments for qb-houserobbery
[ citizen-server-impl] Started resource qb-houserobbery
[    c-scripting-core] Creating script environments for qb-houses
[ citizen-server-impl] Started resource qb-houses
[    c-scripting-core] Creating script environments for qb-hud
[ citizen-server-impl] Started resource qb-hud
[ citizen-server-impl] Started resource qb-input
[    c-scripting-core] Creating script environments for qb-weapons
[ citizen-server-impl] Started resource qb-weapons
[    c-scripting-core] Creating script environments for qb-inventory
[ citizen-server-impl] Started resource qb-inventory
[    c-scripting-core] Creating script environments for qb-jewelery
[ citizen-server-impl] Started resource qb-jewelery
[ citizen-server-impl] Started resource qb-keyminigame
[    c-scripting-core] Creating script environments for qb-lapraces
[38;5;73m[ citizen-server-impl] Started resource qb-lapraces
[ citizen-server-impl] Started resource qb-loading
[    c-scripting-core] Creating script environments for qb-management
[38;5;73m[ citizen-server-impl] Started resource qb-management
[38;5;161m[    c-scripting-core] Creating script environments for qb-mechanicjob
[ citizen-server-impl] Started resource qb-mechanicjob
[ citizen-server-impl] Started resource qb-menu
[    c-scripting-core] Creating script environments for qb-spawn
[ citizen-server-impl] [0mStarted resource qb-spawn
[    c-scripting-core] [0mCreating script environments for qb-multicharacter
[38;5;73m[ citizen-server-impl] Started resource qb-multicharacter
[    c-scripting-core] Creating script environments for qb-newsjob
[38;5;73m[ citizen-server-impl] [0mStarted resource qb-newsjob
[38;5;161m[    c-scripting-core] Creating script environments for qb-pawnshop
[38;5;73m[ citizen-server-impl] Started resource qb-pawnshop
[38;5;161m[    c-scripting-core] Creating script environments for qb-phone
[ citizen-server-impl] Started resource qb-phone
[38;5;161m[    c-scripting-core] Creating script environments for qb-policejob
[ citizen-server-impl] [0mStarted resource qb-policejob
[38;5;161m[    c-scripting-core] Creating script environments for qb-prison
[ citizen-server-impl] Started resource qb-prison
[38;5;161m[    c-scripting-core] Creating script environments for qb-radialmenu
[ citizen-server-impl] Started resource qb-radialmenu
[    c-scripting-core] Creating script environments for qb-recyclejob
[ citizen-server-impl] Started resource qb-recyclejob
[    c-scripting-core] Creating script environments for qb-scoreboard
[ citizen-server-impl] Started resource qb-scoreboard
[    c-scripting-core] Creating script environments for qb-scrapyard
[ citizen-server-impl] Started resource qb-scrapyard
[    c-scripting-core] Creating script environments for qb-shops
[ citizen-server-impl] Started resource qb-shops
[    c-scripting-core] Creating script environments for qb-smallresources
[38;5;73m[ citizen-server-impl] [0mStarted resource qb-smallresources
[    c-scripting-core] [0mCreating script environments for qb-storerobbery
[ citizen-server-impl] Started resource qb-storerobbery
[    c-scripting-core] Creating script environments for qb-streetraces
[ citizen-server-impl] Started resource qb-streetraces
[ citizen-server-impl] Started resource qb-target
[    c-scripting-core] Creating script environments for qb-taxijob
[38;5;73m[ citizen-server-impl] Started resource qb-taxijob
[    c-scripting-core] Creating script environments for qb-towjob
[38;5;73m[ citizen-server-impl] Started resource qb-towjob
[    c-scripting-core] Creating script environments for qb-traphouse
[ citizen-server-impl] Started resource qb-traphouse
[    c-scripting-core] Creating script environments for qb-truckerjob
[ citizen-server-impl] [0mStarted resource qb-truckerjob
[    c-scripting-core] Creating script environments for qb-truckrobbery
[38;5;73m[ citizen-server-impl] Started resource qb-truckrobbery
[    c-scripting-core] Creating script environments for qb-tunerchip
[38;5;73m[ citizen-server-impl] Started resource qb-tunerchip
[    c-scripting-core] Creating script environments for qb-vehiclefailure
[38;5;73m[ citizen-server-impl] Started resource qb-vehiclefailure
[38;5;161m[    c-scripting-core] Creating script environments for qb-vehiclekeys
[ citizen-server-impl] Started resource qb-vehiclekeys
[38;5;161m[    c-scripting-core] Creating script environments for qb-vehiclesales
[ citizen-server-impl] Started resource qb-vehiclesales
[    c-scripting-core] Creating script environments for qb-vehicleshop
[ citizen-server-impl] Started resource qb-vehicleshop
[    c-scripting-core] [0mCreating script environments for qb-vineyard
[ citizen-server-impl] Started resource qb-vineyard
[    c-scripting-core] Creating script environments for qb-weed
[ citizen-server-impl] Started resource qb-weed
[    c-scripting-core] Creating script environments for LegacyFuel
[ citizen-server-impl] Started resource LegacyFuel
[ citizen-server-impl] [0mStarted resource bob74_ipl
[38;5;161m[    c-scripting-core] Creating script environments for connectqueue
[ script:connectqueue] QUEUE:  [connectqueue] Disabling hardcap 
[ citizen-server-impl] Stopping resource hardcap
[ citizen-server-impl] [0mStarted resource connectqueue
[    c-scripting-core] Creating script environments for dpemotes
[38;5;133m[     script:dpemotes] [dp] Sql Keybinding is turned off, if you want to enable /emotebind, import dpkeybinding.sql and set SqlKeybinding = true in config.lua.
[ citizen-server-impl] Started resource dpemotes
[    c-scripting-core] [0mCreating script environments for interact-sound
[ citizen-server-impl] Started resource interact-sound
[ citizen-server-impl] Started resource progressbar
[ citizen-server-impl] Started resource safecracker
[ citizen-server-impl] Running build tasks on resource screenshot-basic - it'll restart once completed.
[         script:yarn] yarn is currently busy: we are waiting to compile screenshot-basic
[ citizen-server-impl] Couldn't start resource screenshot-basic.
[    c-scripting-core] Creating script environments for pma-voice
[ citizen-server-impl] Started resource pma-voice
[    c-scripting-core] Creating script environments for qb-radio
[ citizen-server-impl] Started resource qb-radio
[ citizen-server-impl] Started resource dealer_map
[ citizen-server-impl] Started resource hospital_map
[ citizen-server-impl] Started resource prison_canteen
[ citizen-server-impl] Asset prison_main/desertos_prison.ytd uses 30.5 MiB of physical memory.
[ citizen-server-impl] [0mStarted resource prison_main
[ citizen-server-impl] Started resource prison_meeting
[         script:yarn] [yarn] yarn install v1.22.5
[         script:yarn] [1/4] Resolving packages...
[         script:yarn] [2/4] Fetching packages...
[         script:yarn] 
[         script:yarn] yarn is currently busy: we are waiting to compile screenshot-basic
[      script:monitor] [txAdminClient] Threads and commands set up. All Ready.
[   script:mapmanager] Started map fivem-map-hipster
[ citizen-server-impl] Started resource fivem-map-hipster
[      script:oxmysql] Database server connection established!
[     script:dpemotes] 
[     script:dpemotes] dp Emotes (dpemotes) is up to date. (173)
[         script:yarn] yarn is currently busy: we are waiting to compile screenshot-basic
[ citizen-server-impl]         fff                          
[ citizen-server-impl]   cccc ff   xx  xx     rr rr    eee  
[ citizen-server-impl] cc     ffff   xx       rrr  r ee   e 
[38;5;73m[ citizen-server-impl] cc     ff     xx   ... rr     eeeee  
[ citizen-server-impl]  ccccc ff   xx  xx ... rr      eeeee 
[ citizen-server-impl]                                      
[ citizen-server-impl] Authenticated with cfx.re Nucleus: https://kimchhaychheng555-vb7q85.users.cfx.re/
[         script:yarn] [0myarn is currently busy: we are waiting to compile screenshot-basic
[         script:yarn] yarn is currently busy: we are waiting to compile screenshot-basic
[38;5;151m[         script:yarn] yarn is currently busy: we are waiting to compile screenshot-basic
[         script:yarn] yarn is currently busy: we are waiting to compile screenshot-basic
[         script:yarn] yarn is currently busy: we are waiting to compile screenshot-basic
[         script:yarn] yarn is currently busy: we are waiting to compile screenshot-basic
[38;5;151m[         script:yarn] yarn is currently busy: we are waiting to compile screenshot-basic
[         script:yarn] yarn is currently busy: we are waiting to compile screenshot-basic
[         script:yarn] yarn is currently busy: we are waiting to compile screenshot-basic
[         script:yarn] yarn is currently busy: we are waiting to compile screenshot-basic
[         script:yarn] [yarn] info There appears to be trouble with your network connection. Retrying...
[         script:yarn] 
[         script:yarn] [0myarn is currently busy: we are waiting to compile screenshot-basic
[         script:yarn] yarn is currently busy: we are waiting to compile screenshot-basic
[         script:yarn] yarn is currently busy: we are waiting to compile screenshot-basic
[         script:yarn] yarn is currently busy: we are waiting to compile screenshot-basic
[         script:yarn] yarn is currently busy: we are waiting to compile screenshot-basic
[         script:yarn] yarn is currently busy: we are waiting to compile screenshot-basic
[         script:yarn] yarn is currently busy: we are waiting to compile screenshot-basic
[         script:yarn] yarn is currently busy: we are waiting to compile screenshot-basic
[         script:yarn] yarn is currently busy: we are waiting to compile screenshot-basic
[         script:yarn] yarn is currently busy: we are waiting to compile screenshot-basic
[         script:yarn] yarn is currently busy: we are waiting to compile screenshot-basic
[         script:yarn] yarn is currently busy: we are waiting to compile screenshot-basic
[         script:yarn] yarn is currently busy: we are waiting to compile screenshot-basic
[         script:yarn] yarn is currently busy: we are waiting to compile screenshot-basic
[         script:yarn] yarn is currently busy: we are waiting to compile screenshot-basic
[         script:yarn] [yarn] info There appears to be trouble with your network connection. Retrying...
[         script:yarn] 
[         script:yarn] yarn is currently busy: we are waiting to compile screenshot-basic
[         script:yarn] yarn is currently busy: we are waiting to compile screenshot-basic
[         script:yarn] yarn is currently busy: we are waiting to compile screenshot-basic
[         script:yarn] yarn is currently busy: we are waiting to compile screenshot-basic
[         script:yarn] yarn is currently busy: we are waiting to compile screenshot-basic
[         script:yarn] yarn is currently busy: we are waiting to compile screenshot-basic
[         script:yarn] yarn is currently busy: we are waiting to compile screenshot-basic
[         script:yarn] yarn is currently busy: we are waiting to compile screenshot-basic
[         script:yarn] yarn is currently busy: we are waiting to compile screenshot-basic
[         script:yarn] yarn is currently busy: we are waiting to compile screenshot-basic
[         script:yarn] yarn is currently busy: we are waiting to compile screenshot-basic
[         script:yarn] yarn is currently busy: we are waiting to compile screenshot-basic
[         script:yarn] yarn is currently busy: we are waiting to compile screenshot-basic
[         script:yarn] yarn is currently busy: we are waiting to compile screenshot-basic
[         script:yarn] yarn is currently busy: we are waiting to compile screenshot-basic
[         script:yarn] yarn is currently busy: we are waiting to compile screenshot-basic
[         script:yarn] yarn is currently busy: we are waiting to compile screenshot-basic
[         script:yarn] yarn is currently busy: we are waiting to compile screenshot-basic
[         script:yarn] yarn is currently busy: we are waiting to compile screenshot-basic
[         script:yarn] yarn is currently busy: we are waiting to compile screenshot-basic
[         script:yarn] [yarn] info fsevents@1.2.11: The platform "win32" is incompatible with this module.
[         script:yarn] info "fsevents@1.2.11" is an optional dependency and failed compatibility check. Excluding it from installation.
[         script:yarn] 
[         script:yarn] [yarn] [3/4] Linking dependencies...
[         script:yarn] 
[         script:yarn] yarn is currently busy: we are waiting to compile screenshot-basic
[38;5;151m[         script:yarn] yarn is currently busy: we are waiting to compile screenshot-basic
[         script:yarn] yarn is currently busy: we are waiting to compile screenshot-basic
[         script:yarn] yarn is currently busy: we are waiting to compile screenshot-basic
[         script:yarn] yarn is currently busy: we are waiting to compile screenshot-basic
[         script:yarn] yarn is currently busy: we are waiting to compile screenshot-basic
[         script:yarn] yarn is currently busy: we are waiting to compile screenshot-basic
[         script:yarn] yarn is currently busy: we are waiting to compile screenshot-basic
[         script:yarn] yarn is currently busy: we are waiting to compile screenshot-basic
[         script:yarn] [yarn] [4/4] Building fresh packages...
[         script:yarn] 
[         script:yarn] Error: [yarn] warning Ignored scripts due to flag.
[         script:yarn] 
[         script:yarn] [0m[yarn] Done in 192.30s.
[         script:yarn] 
[      script:webpack] chat: started building webpack.config.js
[ citizen-server-impl] server thread hitch warning: timer interval of 4969 milliseconds
[         script:yarn] [yarn] yarn install v1.22.5
[         script:yarn] 
[         script:yarn] [yarn] [1/4] Resolving packages...
[         script:yarn] 
[         script:yarn] [yarn] [2/4] Fetching packages...
[         script:yarn] 
[ citizen-server-impl] Server list query returned an error: System.Threading.Tasks.TaskCanceledException: The operation was canceled. <- System.TimeoutException: The operation was canceled. <- System.Threading.Tasks.TaskCanceledException: The request was canceled due to the configured HttpClient.Timeout of 30 seconds elapsing.
[38;5;21m[      script:webpack] chat: built webpack.config.js
[ citizen-server-impl] Build tasks completed - starting resource chat.
[ citizen-server-impl] Running build tasks on resource chat - it'll restart once completed.
[      script:webpack] chat: started building webpack.config.js
[38;5;21m[      script:webpack] chat: built webpack.config.js
[ citizen-server-impl] Build tasks completed - starting resource chat.
[    c-scripting-core] Creating script environments for chat
[ citizen-server-impl] Started resource chat
[         script:yarn] [yarn] info fsevents@2.3.1: The platform "win32" is incompatible with this module.
[         script:yarn] 
[         script:yarn] [yarn] info "fsevents@2.3.1" is an optional dependency and failed compatibility check. Excluding it from installation.
[         script:yarn] 
[         script:yarn] [yarn] info fsevents@1.2.13: The platform "win32" is incompatible with this module.
[         script:yarn] info "fsevents@1.2.13" is an optional dependency and failed compatibility check. Excluding it from installation.
[         script:yarn] 
[         script:yarn] [yarn] [3/4] Linking dependencies...
[         script:yarn] 
[         script:yarn] [yarn] [4/4] Building fresh packages...
[         script:yarn] 
[         script:yarn] Error: [yarn] warning Ignored scripts due to flag.
[         script:yarn] 
[         script:yarn] [yarn] Done in 108.94s.
[         script:yarn] 
[      script:webpack] screenshot-basic: started building client.config.js
[      script:webpack] webpack is busy: we are waiting to compile screenshot-basic (server.config.js)
[ citizen-server-impl] server thread hitch warning: timer interval of 2794 milliseconds
[      script:webpack] webpack is busy: we are waiting to compile screenshot-basic (server.config.js)
[38;5;21m[      script:webpack] screenshot-basic: built client.config.js
[      script:webpack] screenshot-basic: started building server.config.js
[      script:webpack] webpack is busy: we are waiting to compile screenshot-basic (ui.config.js)
[ citizen-server-impl] server thread hitch warning: timer interval of 3108 milliseconds
[      script:webpack] webpack is busy: we are waiting to compile screenshot-basic (ui.config.js)
[      script:webpack] screenshot-basic: built server.config.js
[      script:webpack] screenshot-basic: started building ui.config.js
[      script:webpack] screenshot-basic: built ui.config.js
[ citizen-server-impl] Build tasks completed - starting resource screenshot-basic.
[    c-scripting-core] [0mCreating script environments for screenshot-basic
[ citizen-server-impl] Started resource screenshot-basic
[ citizen-server-impl] Server list query returned an error: System.Threading.Tasks.TaskCanceledException: The operation was canceled. <- System.TimeoutException: The operation was canceled. <- System.Threading.Tasks.TaskCanceledException: The request was canceled due to the configured HttpClient.Timeout of 30 seconds elapsing.
[ citizen-server-main] -> Quitting: SIGHUP received
