
================================================================
======== txAdmin Starting - 7/21/2022, 5:33:05 PM               
================================================================

================================================================
======== Log Rotated - 7/21/2022, 5:33:06 PM                    
================================================================
[5:33:35 PM] txAdmin: Logger started

================================================================
======== txAdmin Starting - 7/21/2022, 6:00:03 PM               
================================================================
[6:00:22 PM] txAdmin: Logger started

================================================================
======== txAdmin Starting - 7/21/2022, 6:21:34 PM               
================================================================
[6:21:39 PM] txAdmin: Logger started
[6:22:10 PM] [dTE6H#1] Chhay Low: joined with identifiers [license:fafc6ffb0a479d8c945078bc75ea1cdc5e26d971; license2:639a48d33880e7a0c843dd4e67f8a6550acbed18]
[6:24:51 PM] [dTE6H#1] Chhay Low: disconnected (Exiting)
[6:25:22 PM] [dTE6H#2] Chhay Low: joined with identifiers [license:fafc6ffb0a479d8c945078bc75ea1cdc5e26d971; discord:616666817804500996; license2:639a48d33880e7a0c843dd4e67f8a6550acbed18]
[6:31:12 PM] [dTE6H#2] Chhay Low: disconnected (Server shutting down: Server restarting (kimchhaychheng555).)
[6:31:24 PM] txAdmin: Logger started
[6:34:04 PM] [QHRbR#1] Chhay Low: joined with identifiers [license:fafc6ffb0a479d8c945078bc75ea1cdc5e26d971; discord:616666817804500996; license2:639a48d33880e7a0c843dd4e67f8a6550acbed18]
[6:49:33 PM] [QHRbR#1] Chhay Low: said "asdf"
[6:49:33 PM] [QHRbR#1] Chhay Low: said "asdf"
[6:49:35 PM] [QHRbR#1] Chhay Low: said "/asdf"
[6:49:35 PM] [QHRbR#1] Chhay Low: said "/asdf"
[6:52:10 PM] [QHRbR#1] Chhay Low: disconnected (Exiting)
[6:52:25 PM] txAdmin: Logger started
[6:53:04 PM] [fNkNG#1] Chhay Low: joined with identifiers [license:fafc6ffb0a479d8c945078bc75ea1cdc5e26d971; discord:616666817804500996; license2:639a48d33880e7a0c843dd4e67f8a6550acbed18]
[6:54:31 PM] [fNkNG#1] Chhay Low: disconnected (Exiting)
[6:55:30 PM] txAdmin: Logger started
[6:56:01 PM] [p3Ccg#1] Chhay Low: joined with identifiers [license:fafc6ffb0a479d8c945078bc75ea1cdc5e26d971; discord:616666817804500996; license2:639a48d33880e7a0c843dd4e67f8a6550acbed18]
[7:11:48 PM] txAdmin: Logger started
[7:12:19 PM] [HjMGD#1] Chhay Low: joined with identifiers [license:fafc6ffb0a479d8c945078bc75ea1cdc5e26d971; discord:616666817804500996; license2:639a48d33880e7a0c843dd4e67f8a6550acbed18]
[7:14:41 PM] [HjMGD#1] Chhay Low: disconnected (Exiting)

================================================================
======== txAdmin Starting - 7/21/2022, 9:17:59 PM               
================================================================
[9:18:07 PM] txAdmin: Logger started
